This is pdfTeX, Version 3.14159265-2.6-1.40.21 (MiKTeX 20.7) (preloaded format=pdflatex 2020.8.4)  3 SEP 2020 15:37
entering extended mode
**./phenomenological_modeling.tex
(phenomenological_modeling.tex
LaTeX2e <2020-02-02> patch level 5
L3 programming layer <2020-07-17>
(C:\Users\jeffr\AppData\Local\Programs\MiKTeX\tex/latex/base\article.cls
Document Class: article 2019/12/20 v1.4l Standard LaTeX document class
(C:\Users\jeffr\AppData\Local\Programs\MiKTeX\tex/latex/base\size10.clo
File: size10.clo 2019/12/20 v1.4l Standard LaTeX file (size option)
)
\c@part=\count168
\c@section=\count169
\c@subsection=\count170
\c@subsubsection=\count171
\c@paragraph=\count172
\c@subparagraph=\count173
\c@figure=\count174
\c@table=\count175
\abovecaptionskip=\skip47
\belowcaptionskip=\skip48
\bibindent=\dimen134
)
(C:\Users\jeffr\AppData\Local\Programs\MiKTeX\tex/latex/geometry\geometry.sty
Package: geometry 2020/01/02 v5.9 Page Geometry

(C:\Users\jeffr\AppData\Local\Programs\MiKTeX\tex/latex/graphics\keyval.sty
Package: keyval 2014/10/28 v1.15 key=value parser (DPC)
\KV@toks@=\toks15
)
(C:\Users\jeffr\AppData\Local\Programs\MiKTeX\tex/generic/iftex\ifvtex.sty
Package: ifvtex 2019/10/25 v1.7 ifvtex legacy package. Use iftex instead.

(C:\Users\jeffr\AppData\Local\Programs\MiKTeX\tex/generic/iftex\iftex.sty
Package: iftex 2020/03/06 v1.0d TeX engine tests
))
\Gm@cnth=\count176
\Gm@cntv=\count177
\c@Gm@tempcnt=\count178
\Gm@bindingoffset=\dimen135
\Gm@wd@mp=\dimen136
\Gm@odd@mp=\dimen137
\Gm@even@mp=\dimen138
\Gm@layoutwidth=\dimen139
\Gm@layoutheight=\dimen140
\Gm@layouthoffset=\dimen141
\Gm@layoutvoffset=\dimen142
\Gm@dimlist=\toks16

(C:\Users\jeffr\AppData\Local\Programs\MiKTeX\tex/latex/geometry\geometry.cfg))
(C:\Users\jeffr\AppData\Local\Programs\MiKTeX\tex/latex/cite\cite.sty
LaTeX Info: Redefining \cite on input line 302.
LaTeX Info: Redefining \nocite on input line 332.
Package: cite 2015/02/27  v 5.5
)
(C:\Users\jeffr\AppData\Local\Programs\MiKTeX\tex/latex/caption\caption.sty
Package: caption 2020/05/30 v3.4k Customizing captions (AR)

(C:\Users\jeffr\AppData\Local\Programs\MiKTeX\tex/latex/caption\caption3.sty
Package: caption3 2020/07/20 v1.12b caption3 kernel (AR)
Package caption3 Info: TeX engine: e-TeX on input line 61.
\captionmargin=\dimen143
\captionmargin@=\dimen144
\captionwidth=\dimen145
\caption@tempdima=\dimen146
\caption@indent=\dimen147
\caption@parindent=\dimen148
\caption@hangindent=\dimen149
Package caption Info: Standard document class detected.
)
\c@caption@flags=\count179
\c@continuedfloat=\count180
)
(C:\Users\jeffr\AppData\Local\Programs\MiKTeX\tex/latex/graphics\graphicx.sty
Package: graphicx 2019/11/30 v1.2a Enhanced LaTeX Graphics (DPC,SPQR)

(C:\Users\jeffr\AppData\Local\Programs\MiKTeX\tex/latex/graphics\graphics.sty
Package: graphics 2019/11/30 v1.4a Standard LaTeX Graphics (DPC,SPQR)

(C:\Users\jeffr\AppData\Local\Programs\MiKTeX\tex/latex/graphics\trig.sty
Package: trig 2016/01/03 v1.10 sin cos tan (DPC)
)
(C:\Users\jeffr\AppData\Local\Programs\MiKTeX\tex/latex/graphics-cfg\graphics.c
fg
File: graphics.cfg 2016/06/04 v1.11 sample graphics configuration
)
Package graphics Info: Driver file: pdftex.def on input line 105.

(C:\Users\jeffr\AppData\Local\Programs\MiKTeX\tex/latex/graphics-def\pdftex.def
File: pdftex.def 2018/01/08 v1.0l Graphics/color driver for pdftex
))
\Gin@req@height=\dimen150
\Gin@req@width=\dimen151
) (C:\Users\jeffr\AppData\Local\Programs\MiKTeX\tex/latex/amsmath\amsmath.sty
Package: amsmath 2020/01/20 v2.17e AMS math features
\@mathmargin=\skip49
For additional information on amsmath, use the `?' option.
(C:\Users\jeffr\AppData\Local\Programs\MiKTeX\tex/latex/amsmath\amstext.sty
Package: amstext 2000/06/29 v2.01 AMS text

(C:\Users\jeffr\AppData\Local\Programs\MiKTeX\tex/latex/amsmath\amsgen.sty
File: amsgen.sty 1999/11/30 v2.0 generic functions
\@emptytoks=\toks17
\ex@=\dimen152
))
(C:\Users\jeffr\AppData\Local\Programs\MiKTeX\tex/latex/amsmath\amsbsy.sty
Package: amsbsy 1999/11/29 v1.2d Bold Symbols
\pmbraise@=\dimen153
)
(C:\Users\jeffr\AppData\Local\Programs\MiKTeX\tex/latex/amsmath\amsopn.sty
Package: amsopn 2016/03/08 v2.02 operator names
)
\inf@bad=\count181
LaTeX Info: Redefining \frac on input line 227.
\uproot@=\count182
\leftroot@=\count183
LaTeX Info: Redefining \overline on input line 389.
\classnum@=\count184
\DOTSCASE@=\count185
LaTeX Info: Redefining \ldots on input line 486.
LaTeX Info: Redefining \dots on input line 489.
LaTeX Info: Redefining \cdots on input line 610.
\Mathstrutbox@=\box45
\strutbox@=\box46
\big@size=\dimen154
LaTeX Font Info:    Redeclaring font encoding OML on input line 733.
LaTeX Font Info:    Redeclaring font encoding OMS on input line 734.
\macc@depth=\count186
\c@MaxMatrixCols=\count187
\dotsspace@=\muskip16
\c@parentequation=\count188
\dspbrk@lvl=\count189
\tag@help=\toks18
\row@=\count190
\column@=\count191
\maxfields@=\count192
\andhelp@=\toks19
\eqnshift@=\dimen155
\alignsep@=\dimen156
\tagshift@=\dimen157
\tagwidth@=\dimen158
\totwidth@=\dimen159
\lineht@=\dimen160
\@envbody=\toks20
\multlinegap=\skip50
\multlinetaggap=\skip51
\mathdisplay@stack=\toks21
LaTeX Info: Redefining \[ on input line 2859.
LaTeX Info: Redefining \] on input line 2860.
)
(C:\Users\jeffr\AppData\Local\Programs\MiKTeX\tex/latex/amsfonts\amssymb.sty
Package: amssymb 2013/01/14 v3.01 AMS font symbols

(C:\Users\jeffr\AppData\Local\Programs\MiKTeX\tex/latex/amsfonts\amsfonts.sty
Package: amsfonts 2013/01/14 v3.01 Basic AMSFonts support
\symAMSa=\mathgroup4
\symAMSb=\mathgroup5
LaTeX Font Info:    Redeclaring math symbol \hbar on input line 98.
LaTeX Font Info:    Overwriting math alphabet `\mathfrak' in version `bold'
(Font)                  U/euf/m/n --> U/euf/b/n on input line 106.
)) (C:\Users\jeffr\AppData\Local\Programs\MiKTeX\tex/latex/base\textcomp.sty
Package: textcomp 2020/02/02 v2.0n Standard LaTeX package
)
(C:\Users\jeffr\AppData\Local\Programs\MiKTeX\tex/latex/preprint\authblk.sty
Package: authblk 2001/02/27 1.3 (PWD)
\affilsep=\skip52
\@affilsep=\skip53
\c@Maxaffil=\count193
\c@authors=\count194
\c@affil=\count195
)
(C:\Users\jeffr\AppData\Local\Programs\MiKTeX\tex/latex/datetime\datetime.sty
Package: datetime 2015/03/20 v2.60 Date Time Package

(C:\Users\jeffr\AppData\Local\Programs\MiKTeX\tex/latex/etoolbox\etoolbox.sty
Package: etoolbox 2020/07/15 v2.5i e-TeX tools for LaTeX (JAW)
\etb@tempcnta=\count196
)
(C:\Users\jeffr\AppData\Local\Programs\MiKTeX\tex/latex/fmtcount\fmtcount.sty
Package: fmtcount 2020/01/30 v3.07

(C:\Users\jeffr\AppData\Local\Programs\MiKTeX\tex/latex/base\ifthen.sty
Package: ifthen 2014/09/29 v1.1c Standard LaTeX ifthen package (DPC)
)
(C:\Users\jeffr\AppData\Local\Programs\MiKTeX\tex/latex/xkeyval\xkeyval.sty
Package: xkeyval 2014/12/03 v2.7a package option processing (HA)

(C:\Users\jeffr\AppData\Local\Programs\MiKTeX\tex/generic/xkeyval\xkeyval.tex
(C:\Users\jeffr\AppData\Local\Programs\MiKTeX\tex/generic/xkeyval\xkvutils.tex
\XKV@toks=\toks22
\XKV@tempa@toks=\toks23
)
\XKV@depth=\count197
File: xkeyval.tex 2014/12/03 v2.7a key=value parser (HA)
))
(C:\Users\jeffr\AppData\Local\Programs\MiKTeX\tex/latex/fmtcount\fcprefix.sty
Package: fcprefix 2012/09/28

(C:\Users\jeffr\AppData\Local\Programs\MiKTeX\tex/latex/fmtcount\fcnumparser.st
y
Package: fcnumparser 2017/06/15
\fc@digit@counter=\count198
))
\c@padzeroesN=\count199
\fc@tmpcatcode=\count266
\@DT@modctr=\count267
\@ordinalctr=\count268
\@orgargctr=\count269
\@strctr=\count270
\@tmpstrctr=\count271
\@DT@loopN=\count272
\@DT@X=\count273
)
(C:\Users\jeffr\AppData\Local\Programs\MiKTeX\tex/latex/datetime\datetime-defau
lts.sty
Package: datetime-defaults 2013/09/10
)
\@day=\count274
\@month=\count275
\@year=\count276
\c@HOUR=\count277
\c@HOURXII=\count278
\c@MINUTE=\count279
\c@TOHOUR=\count280
\c@TOMINUTE=\count281
\c@SECOND=\count282
\currenthour=\count283
\currentminute=\count284
\currentsecond=\count285
Package datetime Info: No datetime.cfg file found, using default settings on in
put line 308.
\@dtctr=\count286
\dayofyear=\count287
\dayofweek=\count288
LaTeX Info: Redefining \today on input line 736.
\dt@a=\toks24
\dt@b=\toks25
)
(C:\Users\jeffr\AppData\Local\Programs\MiKTeX\tex/latex/was\gensymb.sty
Package: gensymb 2003/07/02 v1.0 (WaS)
)
(C:\Users\jeffr\AppData\Local\Programs\MiKTeX\tex/latex/wrapfig\wrapfig.sty
\wrapoverhang=\dimen161
\WF@size=\dimen162
\c@WF@wrappedlines=\count289
\WF@box=\box47
\WF@everypar=\toks26
Package: wrapfig 2003/01/31  v 3.6
)
(C:\Users\jeffr\AppData\Local\Programs\MiKTeX\tex/latex/booktabs\booktabs.sty
Package: booktabs 2020/01/12 v1.61803398 Publication quality tables
\heavyrulewidth=\dimen163
\lightrulewidth=\dimen164
\cmidrulewidth=\dimen165
\belowrulesep=\dimen166
\belowbottomsep=\dimen167
\aboverulesep=\dimen168
\abovetopsep=\dimen169
\cmidrulesep=\dimen170
\cmidrulekern=\dimen171
\defaultaddspace=\dimen172
\@cmidla=\count290
\@cmidlb=\count291
\@aboverulesep=\dimen173
\@belowrulesep=\dimen174
\@thisruleclass=\count292
\@lastruleclass=\count293
\@thisrulewidth=\dimen175
)
(C:\Users\jeffr\AppData\Local\Programs\MiKTeX\tex/latex/l3backend\l3backend-pdf
mode.def
File: l3backend-pdfmode.def 2020-06-29 L3 backend support: PDF mode
\l__kernel_color_stack_int=\count294
\l__pdf_internal_box=\box48
) (phenomenological_modeling.aux)
\openout1 = `phenomenological_modeling.aux'.

LaTeX Font Info:    Checking defaults for OML/cmm/m/it on input line 48.
LaTeX Font Info:    ... okay on input line 48.
LaTeX Font Info:    Checking defaults for OMS/cmsy/m/n on input line 48.
LaTeX Font Info:    ... okay on input line 48.
LaTeX Font Info:    Checking defaults for OT1/cmr/m/n on input line 48.
LaTeX Font Info:    ... okay on input line 48.
LaTeX Font Info:    Checking defaults for T1/cmr/m/n on input line 48.
LaTeX Font Info:    ... okay on input line 48.
LaTeX Font Info:    Checking defaults for TS1/cmr/m/n on input line 48.
LaTeX Font Info:    ... okay on input line 48.
LaTeX Font Info:    Checking defaults for OMX/cmex/m/n on input line 48.
LaTeX Font Info:    ... okay on input line 48.
LaTeX Font Info:    Checking defaults for U/cmr/m/n on input line 48.
LaTeX Font Info:    ... okay on input line 48.

*geometry* driver: auto-detecting
*geometry* detected driver: pdftex
*geometry* verbose mode - [ preamble ] result:
* driver: pdftex
* paper: <default>
* layout: <same size as paper>
* layoutoffset:(h,v)=(0.0pt,0.0pt)
* modes: 
* h-part:(L,W,R)=(51.0727pt, 512.1496pt, 51.07271pt)
* v-part:(T,H,B)=(44.84152pt, 682.86613pt, 67.26233pt)
* \paperwidth=614.295pt
* \paperheight=794.96999pt
* \textwidth=512.1496pt
* \textheight=682.86613pt
* \oddsidemargin=-21.1973pt
* \evensidemargin=-21.1973pt
* \topmargin=-64.42847pt
* \headheight=12.0pt
* \headsep=25.0pt
* \topskip=10.0pt
* \footskip=30.0pt
* \marginparwidth=4.0pt
* \marginparsep=10.0pt
* \columnsep=10.0pt
* \skip\footins=9.0pt plus 4.0pt minus 2.0pt
* \hoffset=0.0pt
* \voffset=0.0pt
* \mag=1000
* \@twocolumntrue
* \@twosidefalse
* \@mparswitchfalse
* \@reversemarginfalse
* (1in=72.27pt=25.4mm, 1cm=28.453pt)

Package caption Info: Begin \AtBeginDocument code.
Package caption Info: wrapfig package is loaded.
Package caption Info: End \AtBeginDocument code.

(C:\Users\jeffr\AppData\Local\Programs\MiKTeX\tex/context/base/mkii\supp-pdf.mk
ii
[Loading MPS to PDF converter (version 2006.09.02).]
\scratchcounter=\count295
\scratchdimen=\dimen176
\scratchbox=\box49
\nofMPsegments=\count296
\nofMParguments=\count297
\everyMPshowfont=\toks27
\MPscratchCnt=\count298
\MPscratchDim=\dimen177
\MPnumerator=\count299
\makeMPintoPDFobject=\count300
\everyMPtoPDFconversion=\toks28
)
(C:\Users\jeffr\AppData\Local\Programs\MiKTeX\tex/latex/epstopdf-pkg\epstopdf-b
ase.sty
Package: epstopdf-base 2020-01-24 v2.11 Base part for package epstopdf
Package epstopdf-base Info: Redefining graphics rule for `.eps' on input line 4
85.
)
(C:\Users\jeffr\AppData\Local\Programs\MiKTeX\tex/latex/fmtcount\fc-english.def
File: fc-english.def 2016/01/12
)
\symgns@font=\mathgroup6
LaTeX Font Info:    Overwriting symbol font `gns@font' in version `bold'
(Font)                  TS1/cmr/m/n --> TS1/cmr/b/n on input line 48.
Package gensymb Info: Math companion symbols declared on input line 48.
LaTeX Info: Redefining \degree on input line 48.
LaTeX Info: Redefining \celsius on input line 48.
Package gensymb Info: Using text companion symbols for \degree, \celsius and \p
erthousand on input line 48.
LaTeX Info: Redefining \ohm on input line 48.
Package gensymb Info: Using \textohm for \ohm on input line 48.
Package gensymb Info: Using \textmu for \micro on input line 48.
LaTeX Font Info:    Trying to load font information for U+msa on input line 60.

 (C:\Users\jeffr\AppData\Local\Programs\MiKTeX\tex/latex/amsfonts\umsa.fd
File: umsa.fd 2013/01/14 v3.01 AMS symbols A
)
LaTeX Font Info:    Trying to load font information for U+msb on input line 60.


(C:\Users\jeffr\AppData\Local\Programs\MiKTeX\tex/latex/amsfonts\umsb.fd
File: umsb.fd 2013/01/14 v3.01 AMS symbols B
)
[1{C:/Users/jeffr/AppData/Local/MiKTeX/pdftex/config/pdftex.map}


]

pdfTeX warning: pdflatex (file ./figures/_fig__schematics.pdf): PDF inclusion: 
found PDF version <1.7>, but at most version <1.5> allowed
<figures/_fig__schematics.pdf, id=13, 244.69417pt x 341.4326pt>
File: figures/_fig__schematics.pdf Graphic file (type pdf)
<use figures/_fig__schematics.pdf>
Package pdftex.def Info: figures/_fig__schematics.pdf  used on input line 84.
(pdftex.def)             Requested size: 244.69386pt x 341.43697pt.

LaTeX Warning: `!h' float specifier changed to `!ht'.


LaTeX Warning: Reference `fig:schematic' on page 2 undefined on input line 88.


LaTeX Warning: Reference `fig:schematic' on page 2 undefined on input line 88.


LaTeX Warning: Citation `sh2019_jap' on page 2 undefined on input line 88.


LaTeX Warning: Reference `fig:schematic' on page 2 undefined on input line 88.


LaTeX Warning: Citation `sh2019_jstqe' on page 2 undefined on input line 88.


LaTeX Warning: Reference `fig:circuits' on page 2 undefined on input line 90.

[2]

LaTeX Warning: Reference `fig:circuits' on page 3 undefined on input line 98.


LaTeX Warning: Reference `fig:circuits' on page 3 undefined on input line 98.


LaTeX Warning: Citation `sh2018_full' undefined on input line 98.


LaTeX Warning: Citation `sh2018_full' on page 3 undefined on input line 98.


LaTeX Warning: Reference `fig:schematic' on page 3 undefined on input line 98.

[3 <./figures/_fig__schematics.pdf>]

LaTeX Warning: Reference `fig:schematic' on page 4 undefined on input line 102.



LaTeX Warning: Citation `sh2018_full' undefined on input line 102.


LaTeX Warning: Citation `sh2018_full' on page 4 undefined on input line 102.


LaTeX Warning: Citation `sh2019_ne' undefined on input line 102.


LaTeX Warning: Citation `sh2019_ne' on page 4 undefined on input line 102.


Underfull \vbox (badness 10000) has occurred while \output is active []

 [4]

pdfTeX warning: pdflatex (file ./figures/_fig__dendrites_squid.pdf): PDF inclus
ion: found PDF version <1.7>, but at most version <1.5> allowed
<figures/_fig__dendrites_squid.pdf, id=54, 244.69417pt x 444.81383pt>
File: figures/_fig__dendrites_squid.pdf Graphic file (type pdf)
<use figures/_fig__dendrites_squid.pdf>
Package pdftex.def Info: figures/_fig__dendrites_squid.pdf  used on input line 
137.
(pdftex.def)             Requested size: 244.69386pt x 444.8195pt.
[5 <./figures/_fig__dendrites_squid.pdf>]

pdfTeX warning: pdflatex (file ./figures/_fig__dendrites__circuits__responses.p
df): PDF inclusion: found PDF version <1.7>, but at most version <1.5> allowed
<figures/_fig__dendrites__circuits__responses.pdf, id=108, 380.59592pt x 280.96
266pt>
File: figures/_fig__dendrites__circuits__responses.pdf Graphic file (type pdf)
<use figures/_fig__dendrites__circuits__responses.pdf>
Package pdftex.def Info: figures/_fig__dendrites__circuits__responses.pdf  used
 on input line 147.
(pdftex.def)             Requested size: 489.38731pt x 361.27295pt.

LaTeX Warning: `!h' float specifier changed to `!ht'.

[6]
Underfull \vbox (badness 10000) has occurred while \output is active []


Underfull \vbox (badness 10000) has occurred while \output is active []

 [7 <./figures/_fig__dendrites__circuits__responses.pdf>]

LaTeX Warning: Reference `fig:dendrites__comparison__2jj__main' on page 8 undef
ined on input line 183.



pdfTeX warning: pdflatex (file ./figures/_fig__dendrites__comparison__4jj__main
.pdf): PDF inclusion: found PDF version <1.7>, but at most version <1.5> allowe
d
<figures/_fig__dendrites__comparison__4jj__main.pdf, id=473, 244.69417pt x 365.
35194pt>
File: figures/_fig__dendrites__comparison__4jj__main.pdf Graphic file (type pdf
)
<use figures/_fig__dendrites__comparison__4jj__main.pdf>
Package pdftex.def Info: figures/_fig__dendrites__comparison__4jj__main.pdf  us
ed on input line 185.
(pdftex.def)             Requested size: 244.69386pt x 365.35661pt.

LaTeX Warning: `!h' float specifier changed to `!ht'.



pdfTeX warning: pdflatex (file ./figures/_fig__synapses__circuit.pdf): PDF incl
usion: found PDF version <1.7>, but at most version <1.5> allowed
<figures/_fig__synapses__circuit.pdf, id=474, 244.69417pt x 171.35619pt>
File: figures/_fig__synapses__circuit.pdf Graphic file (type pdf)
<use figures/_fig__synapses__circuit.pdf>
Package pdftex.def Info: figures/_fig__synapses__circuit.pdf  used on input lin
e 230.
(pdftex.def)             Requested size: 244.69386pt x 171.35837pt.

LaTeX Warning: `!h' float specifier changed to `!ht'.



pdfTeX warning: pdflatex (file ./figures/_fig__synapses__comparison__1jj__main.
pdf): PDF inclusion: found PDF version <1.7>, but at most version <1.5> allowed

<figures/_fig__synapses__comparison__1jj__main.pdf, id=475, 489.38733pt x 240.6
069pt>
File: figures/_fig__synapses__comparison__1jj__main.pdf Graphic file (type pdf)

<use figures/_fig__synapses__comparison__1jj__main.pdf>
Package pdftex.def Info: figures/_fig__synapses__comparison__1jj__main.pdf  use
d on input line 241.
(pdftex.def)             Requested size: 489.38731pt x 240.60997pt.

LaTeX Warning: `!h' float specifier changed to `!ht'.



pdfTeX warning: pdflatex (file ./figures/_fig__synapses__comparison__3jj__main.
pdf): PDF inclusion: found PDF version <1.7>, but at most version <1.5> allowed

<figures/_fig__synapses__comparison__3jj__main.pdf, id=476, 489.38733pt x 240.6
069pt>
File: figures/_fig__synapses__comparison__3jj__main.pdf Graphic file (type pdf)

<use figures/_fig__synapses__comparison__3jj__main.pdf>
Package pdftex.def Info: figures/_fig__synapses__comparison__3jj__main.pdf  use
d on input line 246.
(pdftex.def)             Requested size: 489.38731pt x 240.60997pt.

LaTeX Warning: `!h' float specifier changed to `!ht'.



pdfTeX warning: pdflatex (file ./figures/_fig__point_neuron__one_synapse__schem
atic__circuit.pdf): PDF inclusion: found PDF version <1.7>, but at most version
 <1.5> allowed
<figures/_fig__point_neuron__one_synapse__schematic__circuit.pdf, id=477, 244.6
9417pt x 268.00125pt>
File: figures/_fig__point_neuron__one_synapse__schematic__circuit.pdf Graphic f
ile (type pdf)
<use figures/_fig__point_neuron__one_synapse__schematic__circuit.pdf>
Package pdftex.def Info: figures/_fig__point_neuron__one_synapse__schematic__ci
rcuit.pdf  used on input line 256.
(pdftex.def)             Requested size: 244.69386pt x 268.00467pt.

Underfull \hbox (badness 1472) in paragraph at lines 257--257
[]\OT1/cmr/m/n/10 Figure 8: |[]Cap-tion of fig:point neu-ron one synapse
 []


Underfull \vbox (badness 10000) has occurred while \output is active []



LaTeX Warning: `!h' float specifier changed to `!ht'.



pdfTeX warning: pdflatex (file ./figures/_fig__point_neuron__one_synapse__data.
pdf): PDF inclusion: found PDF version <1.7>, but at most version <1.5> allowed

<figures/_fig__point_neuron__one_synapse__data.pdf, id=478, 489.38733pt x 478.0
0583pt>
File: figures/_fig__point_neuron__one_synapse__data.pdf Graphic file (type pdf)

<use figures/_fig__point_neuron__one_synapse__data.pdf>
Package pdftex.def Info: figures/_fig__point_neuron__one_synapse__data.pdf  use
d on input line 261.
(pdftex.def)             Requested size: 489.38731pt x 478.01195pt.

LaTeX Warning: `!h' float specifier changed to `!ht'.



pdfTeX warning: pdflatex (file ./figures/_fig__point_neuron__nine_synapses__sch
ematic.pdf): PDF inclusion: found PDF version <1.7>, but at most version <1.5> 
allowed
<figures/_fig__point_neuron__nine_synapses__schematic.pdf, id=479, 244.69417pt 
x 165.74924pt>
File: figures/_fig__point_neuron__nine_synapses__schematic.pdf Graphic file (ty
pe pdf)
<use figures/_fig__point_neuron__nine_synapses__schematic.pdf>
Package pdftex.def Info: figures/_fig__point_neuron__nine_synapses__schematic.p
df  used on input line 266.
(pdftex.def)             Requested size: 244.69386pt x 165.75134pt.

LaTeX Warning: `!h' float specifier changed to `!ht'.



pdfTeX warning: pdflatex (file ./figures/_fig__point_neuron__nine_synapses__dat
a.pdf): PDF inclusion: found PDF version <1.7>, but at most version <1.5> allow
ed
<figures/_fig__point_neuron__nine_synapses__data.pdf, id=480, 489.38733pt x 478
.00583pt>
File: figures/_fig__point_neuron__nine_synapses__data.pdf Graphic file (type pd
f)
<use figures/_fig__point_neuron__nine_synapses__data.pdf>
Package pdftex.def Info: figures/_fig__point_neuron__nine_synapses__data.pdf  u
sed on input line 271.
(pdftex.def)             Requested size: 489.38731pt x 478.01195pt.

LaTeX Warning: `!h' float specifier changed to `!ht'.

[8 <./figures/_fig__dendrites__comparison__4jj__main.pdf> <./figures/_fig__syna
pses__circuit.pdf

pdfTeX warning: pdflatex (file ./figures/_fig__synapses__circuit.pdf): PDF incl
usion: multiple pdfs with page group included in a single page
>]
Underfull \vbox (badness 10000) has occurred while \output is active []

 [9 <./figures/_fig__synapses__comparison__1jj__main.pdf> <./figures/_fig__syna
pses__comparison__3jj__main.pdf

pdfTeX warning: pdflatex (file ./figures/_fig__synapses__comparison__3jj__main.
pdf): PDF inclusion: multiple pdfs with page group included in a single page
>]

LaTeX Warning: Citation `Wolfram_01' on page 10 undefined on input line 280.


LaTeX Warning: Citation `Wolfram_02' on page 10 undefined on input line 280.


LaTeX Warning: Citation `PhaseTransitionsBooks' on page 10 undefined on input l
ine 280.


LaTeX Warning: Reference `eq:synapses__leaky_integrator' on page 10 undefined o
n input line 303.

[10 <./figures/_fig__point_neuron__one_synapse__schematic__circuit.pdf>]
[11 <./figures/_fig__point_neuron__one_synapse__data.pdf>]

pdfTeX warning: pdflatex (file ./figures/_fig_apx__synapses__1jj_circuit.pdf): 
PDF inclusion: found PDF version <1.7>, but at most version <1.5> allowed
<figures/_fig_apx__synapses__1jj_circuit.pdf, id=812, 244.69417pt x 139.32652pt
>
File: figures/_fig_apx__synapses__1jj_circuit.pdf Graphic file (type pdf)
<use figures/_fig_apx__synapses__1jj_circuit.pdf>
Package pdftex.def Info: figures/_fig_apx__synapses__1jj_circuit.pdf  used on i
nput line 324.
(pdftex.def)             Requested size: 244.69386pt x 139.3283pt.

LaTeX Warning: `!h' float specifier changed to `!ht'.


LaTeX Warning: Reference `eq:synapses__leaky_integrator' on page 12 undefined o
n input line 341.


LaTeX Warning: Reference `eq:synapses__leaky_integrator' on page 12 undefined o
n input line 348.

[12 <./figures/_fig__point_neuron__nine_synapses__schematic.pdf>]
Underfull \vbox (badness 10000) has occurred while \output is active []


Underfull \vbox (badness 10000) has occurred while \output is active []

 [13 <./figures/_fig__point_neuron__nine_synapses__data.pdf>]
Underfull \hbox (badness 10000) in paragraph at lines 394--394
[][]\OT1/cmr/bx/n/14.4 Further de-tails re-gard-ing
 []



pdfTeX warning: pdflatex (file ./figures/_fig_apx__synapses__error_vs_dt__4jj.p
df): PDF inclusion: found PDF version <1.7>, but at most version <1.5> allowed
<figures/_fig_apx__synapses__error_vs_dt__4jj.pdf, id=860, 489.38733pt x 306.42
48pt>
File: figures/_fig_apx__synapses__error_vs_dt__4jj.pdf Graphic file (type pdf)
<use figures/_fig_apx__synapses__error_vs_dt__4jj.pdf>
Package pdftex.def Info: figures/_fig_apx__synapses__error_vs_dt__4jj.pdf  used
 on input line 453.
(pdftex.def)             Requested size: 489.38731pt x 306.42871pt.

LaTeX Warning: `!h' float specifier changed to `!ht'.



pdfTeX warning: pdflatex (file ./figures/_fig__dendrites__min_max__2jj.pdf): PD
F inclusion: found PDF version <1.7>, but at most version <1.5> allowed
<figures/_fig__dendrites__min_max__2jj.pdf, id=861, 244.69417pt x 171.6011pt>
File: figures/_fig__dendrites__min_max__2jj.pdf Graphic file (type pdf)
<use figures/_fig__dendrites__min_max__2jj.pdf>
Package pdftex.def Info: figures/_fig__dendrites__min_max__2jj.pdf  used on inp
ut line 460.
(pdftex.def)             Requested size: 244.69386pt x 171.60329pt.

LaTeX Warning: `!h' float specifier changed to `!ht'.



pdfTeX warning: pdflatex (file ./figures/_fig__dendrites__min_max__4jj.pdf): PD
F inclusion: found PDF version <1.7>, but at most version <1.5> allowed
<figures/_fig__dendrites__min_max__4jj.pdf, id=862, 244.69417pt x 326.46268pt>
File: figures/_fig__dendrites__min_max__4jj.pdf Graphic file (type pdf)
<use figures/_fig__dendrites__min_max__4jj.pdf>
Package pdftex.def Info: figures/_fig__dendrites__min_max__4jj.pdf  used on inp
ut line 465.
(pdftex.def)             Requested size: 244.69386pt x 326.46684pt.

LaTeX Warning: `!h' float specifier changed to `!ht'.



pdfTeX warning: pdflatex (file ./figures/_fig_apx__fan-in__circuits.pdf): PDF i
nclusion: found PDF version <1.7>, but at most version <1.5> allowed
<figures/_fig_apx__fan-in__circuits.pdf, id=863, 244.69417pt x 298.75415pt>
File: figures/_fig_apx__fan-in__circuits.pdf Graphic file (type pdf)
<use figures/_fig_apx__fan-in__circuits.pdf>
Package pdftex.def Info: figures/_fig_apx__fan-in__circuits.pdf  used on input 
line 474.
(pdftex.def)             Requested size: 244.69386pt x 298.75797pt.

LaTeX Warning: `!h' float specifier changed to `!ht'.

[14 <./figures/_fig_apx__synapses__1jj_circuit.pdf>]
Underfull \vbox (badness 10000) has occurred while \output is active []

 [15 <./figures/_fig_apx__synapses__error_vs_dt__4jj.pdf> <./figures/_fig__dend
rites__min_max__2jj.pdf

pdfTeX warning: pdflatex (file ./figures/_fig__dendrites__min_max__2jj.pdf): PD
F inclusion: multiple pdfs with page group included in a single page
>] [16 <./figures/_fig__dendrites__min_max__4jj.pdf> <./figures/_fig_apx__fan-i
n__circuits.pdf

pdfTeX warning: pdflatex (file ./figures/_fig_apx__fan-in__circuits.pdf): PDF i
nclusion: multiple pdfs with page group included in a single page
>] (phenomenological_modeling.bbl
Underfull \hbox (badness 2846) in paragraph at lines 10--13
\OT1/cmr/m/n/10 Model of Mam-malian Tha-la-m-o-cor-ti-cal Sys-tems.
 []


Underfull \hbox (badness 10000) in paragraph at lines 41--46
[]\OT1/cmr/m/n/10 E. Chicca, D. Badoni, V. Dante,
 []


Underfull \hbox (badness 1147) in paragraph at lines 41--46
\OT1/cmr/m/n/10 Integrate-and-Fire Neu-rons Con-nected by Plas-tic
 []


Underfull \hbox (badness 1082) in paragraph at lines 60--66
\OT1/cmr/m/n/10 S.-C. Liu, P. Dudek, P. H afliger, S. Re-naud,
 []

[17]
Underfull \hbox (badness 3861) in paragraph at lines 152--156
[]\OT1/cmr/m/n/10 K.S. Kravtsov, M.P. Fok, P.R. Pruc-nal, and
 []


Underfull \hbox (badness 10000) in paragraph at lines 198--202
[]\OT1/cmr/m/n/10 J. Feld-mann, N. Young-blood, C.D. Wright,
 []


Underfull \hbox (badness 1062) in paragraph at lines 198--202
\OT1/cmr/m/n/10 spik-ing neu-rosy-nap-tic net-works with self-learning
 []

[18]) [19

] (phenomenological_modeling.aux)

LaTeX Warning: There were undefined references.

 ) 
Here is how much of TeX's memory you used:
 5781 strings out of 481225
 89664 string characters out of 2906175
 356587 words of memory out of 3000000
 21251 multiletter control sequences out of 15000+200000
 547530 words of font info for 74 fonts, out of 3000000 for 9000
 1141 hyphenation exceptions out of 8191
 44i,17n,77p,2371b,357s stack positions out of 5000i,500n,10000p,200000b,50000s
 <C:\Users\jeffr\AppData\Local\MiKTeX\fonts/pk/ljfour/jknappen/ec/dpi600\tcrm
1000.pk><C:/Users/jeffr/AppData/Local/Programs/MiKTeX/fonts/type1/public/amsfon
ts/cm/cmbx10.pfb><C:/Users/jeffr/AppData/Local/Programs/MiKTeX/fonts/type1/publ
ic/amsfonts/cm/cmbx12.pfb><C:/Users/jeffr/AppData/Local/Programs/MiKTeX/fonts/t
ype1/public/amsfonts/cm/cmbx9.pfb><C:/Users/jeffr/AppData/Local/Programs/MiKTeX
/fonts/type1/public/amsfonts/cm/cmex10.pfb><C:/Users/jeffr/AppData/Local/Progra
ms/MiKTeX/fonts/type1/public/amsfonts/cm/cmmi10.pfb><C:/Users/jeffr/AppData/Loc
al/Programs/MiKTeX/fonts/type1/public/amsfonts/cm/cmmi5.pfb><C:/Users/jeffr/App
Data/Local/Programs/MiKTeX/fonts/type1/public/amsfonts/cm/cmmi7.pfb><C:/Users/j
effr/AppData/Local/Programs/MiKTeX/fonts/type1/public/amsfonts/cm/cmr10.pfb><C:
/Users/jeffr/AppData/Local/Programs/MiKTeX/fonts/type1/public/amsfonts/cm/cmr12
.pfb><C:/Users/jeffr/AppData/Local/Programs/MiKTeX/fonts/type1/public/amsfonts/
cm/cmr17.pfb><C:/Users/jeffr/AppData/Local/Programs/MiKTeX/fonts/type1/public/a
msfonts/cm/cmr5.pfb><C:/Users/jeffr/AppData/Local/Programs/MiKTeX/fonts/type1/p
ublic/amsfonts/cm/cmr7.pfb><C:/Users/jeffr/AppData/Local/Programs/MiKTeX/fonts/
type1/public/amsfonts/cm/cmr8.pfb><C:/Users/jeffr/AppData/Local/Programs/MiKTeX
/fonts/type1/public/amsfonts/cm/cmr9.pfb><C:/Users/jeffr/AppData/Local/Programs
/MiKTeX/fonts/type1/public/amsfonts/cm/cmss10.pfb><C:/Users/jeffr/AppData/Local
/Programs/MiKTeX/fonts/type1/public/amsfonts/cm/cmss8.pfb><C:/Users/jeffr/AppDa
ta/Local/Programs/MiKTeX/fonts/type1/public/amsfonts/cm/cmsy10.pfb><C:/Users/je
ffr/AppData/Local/Programs/MiKTeX/fonts/type1/public/amsfonts/cm/cmsy5.pfb><C:/
Users/jeffr/AppData/Local/Programs/MiKTeX/fonts/type1/public/amsfonts/cm/cmsy7.
pfb><C:/Users/jeffr/AppData/Local/Programs/MiKTeX/fonts/type1/public/amsfonts/c
m/cmti10.pfb><C:/Users/jeffr/AppData/Local/Programs/MiKTeX/fonts/type1/public/a
msfonts/cm/cmti12.pfb>
Output written on phenomenological_modeling.pdf (19 pages, 7895067 bytes).
PDF statistics:
 1104 PDF objects out of 1200 (max. 8388607)
 0 named destinations out of 1000 (max. 500000)
 81 words of extra memory for PDF output out of 10000 (max. 10000000)

